2024-03-07 11:21:02:212 [32minfo[39m: [32mCreating New Booking[39m
2024-03-07 11:21:03:213 [32minfo[39m: [32mGet All Ids[39m
2024-03-07 11:21:05:215 [32minfo[39m: [32mGet By Name[39m
2024-03-07 11:21:06:216 [32minfo[39m: [32mGet By CheckIn CheckOut[39m
2024-03-07 11:21:07:217 [32minfo[39m: [32mGet By Booking Id 289[39m
2024-03-07 11:21:11:2111 [32minfo[39m: [32mauthenticate Token 5d00a20155fc59d[39m
2024-03-07 11:21:12:2112 [32minfo[39m: [32mUpdated Existing Booking[39m
2024-03-07 11:21:13:2113 [32minfo[39m: [32mUpdated Existing Booking[39m
2024-03-07 11:21:14:2114 [32minfo[39m: [32mdeleted Existing Booking[39m
2024-03-07 11:21:15:2115 [32minfo[39m: [32mvalidated Booking[39m
2024-03-07 11:24:17:2417 [32minfo[39m: [32mCreating New Booking[39m
2024-03-07 11:24:18:2418 [32minfo[39m: [32mGet All Ids[39m
2024-03-07 11:24:19:2419 [32minfo[39m: [32mGet By Name[39m
2024-03-07 11:24:21:2421 [32minfo[39m: [32mGet By CheckIn CheckOut[39m
2024-03-07 11:24:22:2422 [32minfo[39m: [32mGet By Booking Id 1939[39m
2024-03-07 11:24:23:2423 [32minfo[39m: [32mauthenticate Token 9895b9fdcbe96d2[39m
2024-03-07 11:24:24:2424 [32minfo[39m: [32mUpdated Existing Booking[39m
2024-03-07 11:24:25:2425 [32minfo[39m: [32mUpdated Existing Booking[39m
2024-03-07 11:24:26:2426 [32minfo[39m: [32mdeleted Existing Booking[39m
2024-03-07 11:24:27:2427 [32minfo[39m: [32mvalidated Booking[39m
2024-03-07 11:27:21:2721 [32minfo[39m: [32mCreating New Booking[39m
2024-03-07 11:27:22:2722 [32minfo[39m: [32mGet All Ids[39m
2024-03-07 11:27:23:2723 [32minfo[39m: [32mGet By Name[39m
2024-03-07 11:27:24:2724 [32minfo[39m: [32mGet By CheckIn CheckOut[39m
2024-03-07 11:27:25:2725 [32minfo[39m: [32mGet By Booking Id 3514[39m
2024-03-07 11:27:26:2726 [32minfo[39m: [32mauthenticate Token 8ff0a2778d2d3be[39m
2024-03-07 11:27:27:2727 [32minfo[39m: [32mUpdated Existing Booking[39m
2024-03-07 11:27:28:2728 [32minfo[39m: [32mUpdated Existing Booking[39m
2024-03-07 11:27:29:2729 [32minfo[39m: [32mdeleted Existing Booking[39m
2024-03-07 11:27:30:2730 [32minfo[39m: [32mvalidated Booking[39m
2024-03-07 12:14:28:1428 [32minfo[39m: [32mCreating New Booking[39m
2024-03-07 12:14:29:1429 [32minfo[39m: [32mGet All Ids[39m
2024-03-07 12:14:30:1430 [32minfo[39m: [32mGet By Name[39m
2024-03-07 12:14:31:1431 [32minfo[39m: [32mGet By CheckIn CheckOut[39m
2024-03-07 12:14:32:1432 [32minfo[39m: [32mGet By Booking Id 1971[39m
2024-03-07 12:14:33:1433 [32minfo[39m: [32mauthenticate Token 154db78681970dd[39m
2024-03-07 12:14:34:1434 [32minfo[39m: [32mUpdated Existing Booking[39m
2024-03-07 12:14:35:1435 [32minfo[39m: [32mUpdated Existing Booking[39m
2024-03-07 12:14:36:1436 [32minfo[39m: [32mdeleted Existing Booking[39m
2024-03-07 12:14:37:1437 [32minfo[39m: [32mvalidated Booking[39m
